<?xml version="1.0" encoding="UTF-8"?>
<!-- Generated by org.testng.reporters.JUnitReportReporter -->
<testsuite hostname="EDDY" failures="1" tests="6" name="test.BookingNonBDDStyleTest4" time="5.123" errors="0" timestamp="2022-11-15T14:17:34 CST" skipped="5">
  <testcase classname="test.BookingNonBDDStyleTest4" name="createToken" time="5.123">
    <failure message="
Expected: &quot;15&quot;
     but: was &quot;token.length()&quot;" type="java.lang.AssertionError">
      <![CDATA[java.lang.AssertionError: 
Expected: "15"
     but: was "token.length()"
at org.hamcrest.MatcherAssert.assertThat(MatcherAssert.java:18)
at org.hamcrest.MatcherAssert.assertThat(MatcherAssert.java:6)
at test.BookingNonBDDStyleTest4.createToken(BookingNonBDDStyleTest4.java:67)
at java.base/jdk.internal.reflect.NativeMethodAccessorImpl.invoke0(Native Method)
at java.base/jdk.internal.reflect.NativeMethodAccessorImpl.invoke(NativeMethodAccessorImpl.java:62)
at java.base/jdk.internal.reflect.DelegatingMethodAccessorImpl.invoke(DelegatingMethodAccessorImpl.java:43)
at java.base/java.lang.reflect.Method.invoke(Method.java:564)
at org.testng.internal.invokers.MethodInvocationHelper.invokeMethod(MethodInvocationHelper.java:135)
at org.testng.internal.invokers.TestInvoker.invokeMethod(TestInvoker.java:673)
at org.testng.internal.invokers.TestInvoker.invokeTestMethod(TestInvoker.java:220)
at org.testng.internal.invokers.MethodRunner.runInSequence(MethodRunner.java:50)
at org.testng.internal.invokers.TestInvoker$MethodInvocationAgent.invoke(TestInvoker.java:945)
at org.testng.internal.invokers.TestInvoker.invokeTestMethods(TestInvoker.java:193)
at org.testng.internal.invokers.TestMethodWorker.invokeTestMethods(TestMethodWorker.java:146)
at org.testng.internal.invokers.TestMethodWorker.run(TestMethodWorker.java:128)
at java.base/java.util.ArrayList.forEach(ArrayList.java:1510)
at org.testng.TestRunner.privateRun(TestRunner.java:808)
at org.testng.TestRunner.run(TestRunner.java:603)
at org.testng.SuiteRunner.runTest(SuiteRunner.java:429)
at org.testng.SuiteRunner.runSequentially(SuiteRunner.java:423)
at org.testng.SuiteRunner.privateRun(SuiteRunner.java:383)
at org.testng.SuiteRunner.run(SuiteRunner.java:326)
at org.testng.SuiteRunnerWorker.runSuite(SuiteRunnerWorker.java:52)
at org.testng.SuiteRunnerWorker.run(SuiteRunnerWorker.java:95)
at org.testng.TestNG.runSuitesSequentially(TestNG.java:1249)
at org.testng.TestNG.runSuitesLocally(TestNG.java:1169)
at org.testng.TestNG.runSuites(TestNG.java:1092)
at org.testng.TestNG.run(TestNG.java:1060)
at org.testng.remote.AbstractRemoteTestNG.run(AbstractRemoteTestNG.java:115)
at org.testng.remote.RemoteTestNG.initAndRun(RemoteTestNG.java:251)
at org.testng.remote.RemoteTestNG.main(RemoteTestNG.java:77)
]]>
    </failure>
  </testcase> <!-- createToken -->
  <system-out/>
  <testcase classname="test.BookingNonBDDStyleTest4" name="updateBooking">
    <skipped/>
  </testcase> <!-- updateBooking -->
  <system-out/>
  <testcase classname="test.BookingNonBDDStyleTest4" name="getBooking">
    <skipped/>
  </testcase> <!-- getBooking -->
  <system-out/>
  <testcase classname="test.BookingNonBDDStyleTest4" name="updatePartialBooking">
    <skipped/>
  </testcase> <!-- updatePartialBooking -->
  <system-out/>
  <testcase classname="test.BookingNonBDDStyleTest4" name="deleteBooking">
    <skipped/>
  </testcase> <!-- deleteBooking -->
  <system-out/>
  <testcase classname="test.BookingNonBDDStyleTest4" name="createBooking">
    <skipped/>
  </testcase> <!-- createBooking -->
  <system-out/>
</testsuite> <!-- test.BookingNonBDDStyleTest4 -->
